2023-12-21 17:12:705 INFO  HomePage :34 - List Of Products : [Apple Cinema 30"]
2023-12-21 17:12:735 INFO  HomePage :34 - List Of Products : [Apple Cinema 30", Canon EOS 5D]
2023-12-21 17:12:759 INFO  HomePage :34 - List Of Products : [Apple Cinema 30", Canon EOS 5D, HP LP3065]
2023-12-21 17:12:783 INFO  HomePage :34 - List Of Products : [Apple Cinema 30", Canon EOS 5D, HP LP3065, HTC Touch HD]
2023-12-21 17:12:807 INFO  HomePage :34 - List Of Products : [Apple Cinema 30", Canon EOS 5D, HP LP3065, HTC Touch HD, iPhone]
2023-12-21 17:12:830 INFO  HomePage :34 - List Of Products : [Apple Cinema 30", Canon EOS 5D, HP LP3065, HTC Touch HD, iPhone, iPod Classic]
2023-12-21 17:12:858 INFO  HomePage :34 - List Of Products : [Apple Cinema 30", Canon EOS 5D, HP LP3065, HTC Touch HD, iPhone, iPod Classic, MacBook]
2023-12-21 17:12:914 INFO  HomePage :34 - List Of Products : [Apple Cinema 30", Canon EOS 5D, HP LP3065, HTC Touch HD, iPhone, iPod Classic, MacBook, MacBook Air]
2023-12-21 17:12:943 INFO  HomePage :34 - List Of Products : [Apple Cinema 30", Canon EOS 5D, HP LP3065, HTC Touch HD, iPhone, iPod Classic, MacBook, MacBook Air, Palm Treo Pro]
2023-12-21 17:12:966 INFO  HomePage :34 - List Of Products : [Apple Cinema 30", Canon EOS 5D, HP LP3065, HTC Touch HD, iPhone, iPod Classic, MacBook, MacBook Air, Palm Treo Pro, Product 8]
2023-12-21 17:12:989 INFO  HomePage :34 - List Of Products : [Apple Cinema 30", Canon EOS 5D, HP LP3065, HTC Touch HD, iPhone, iPod Classic, MacBook, MacBook Air, Palm Treo Pro, Product 8, Samsung SyncMaster 941BW]
2023-12-21 17:12:09 INFO  HomePage :34 - List Of Products : [Apple Cinema 30", Canon EOS 5D, HP LP3065, HTC Touch HD, iPhone, iPod Classic, MacBook, MacBook Air, Palm Treo Pro, Product 8, Samsung SyncMaster 941BW, Sony VAIO]
2023-12-21 17:12:640 INFO  HomePage :41 - Select sort by Z to A: [[ChromeDriver: chrome on windows (bbcc16215ff6c100679a6c5d144120ae)] -> id: input-sort]
2023-12-21 17:12:675 INFO  HomePage :34 - List Of Products : [Sony VAIO]
2023-12-21 17:12:705 INFO  HomePage :34 - List Of Products : [Sony VAIO, Samsung SyncMaster 941BW]
2023-12-21 17:12:725 INFO  HomePage :34 - List Of Products : [Sony VAIO, Samsung SyncMaster 941BW, Product 8]
2023-12-21 17:12:754 INFO  HomePage :34 - List Of Products : [Sony VAIO, Samsung SyncMaster 941BW, Product 8, Palm Treo Pro]
2023-12-21 17:12:777 INFO  HomePage :34 - List Of Products : [Sony VAIO, Samsung SyncMaster 941BW, Product 8, Palm Treo Pro, MacBook Air]
2023-12-21 17:12:800 INFO  HomePage :34 - List Of Products : [Sony VAIO, Samsung SyncMaster 941BW, Product 8, Palm Treo Pro, MacBook Air, MacBook]
2023-12-21 17:12:822 INFO  HomePage :34 - List Of Products : [Sony VAIO, Samsung SyncMaster 941BW, Product 8, Palm Treo Pro, MacBook Air, MacBook, iPod Classic]
2023-12-21 17:12:847 INFO  HomePage :34 - List Of Products : [Sony VAIO, Samsung SyncMaster 941BW, Product 8, Palm Treo Pro, MacBook Air, MacBook, iPod Classic, iPhone]
2023-12-21 17:12:870 INFO  HomePage :34 - List Of Products : [Sony VAIO, Samsung SyncMaster 941BW, Product 8, Palm Treo Pro, MacBook Air, MacBook, iPod Classic, iPhone, HTC Touch HD]
2023-12-21 17:12:908 INFO  HomePage :34 - List Of Products : [Sony VAIO, Samsung SyncMaster 941BW, Product 8, Palm Treo Pro, MacBook Air, MacBook, iPod Classic, iPhone, HTC Touch HD, HP LP3065]
2023-12-21 17:12:933 INFO  HomePage :34 - List Of Products : [Sony VAIO, Samsung SyncMaster 941BW, Product 8, Palm Treo Pro, MacBook Air, MacBook, iPod Classic, iPhone, HTC Touch HD, HP LP3065, Canon EOS 5D]
2023-12-21 17:12:955 INFO  HomePage :34 - List Of Products : [Sony VAIO, Samsung SyncMaster 941BW, Product 8, Palm Treo Pro, MacBook Air, MacBook, iPod Classic, iPhone, HTC Touch HD, HP LP3065, Canon EOS 5D, Apple Cinema 30"]
2023-12-21 17:12:943 INFO  HomePage :46 - click On Currency DropDown : [[ChromeDriver: chrome on windows (ef81d2ab827fb82453aa08fad533febe)] -> xpath: (//button[@class='btn btn-link dropdown-toggle'])[1]]
2023-12-21 17:12:973 INFO  HomePage :51 - Click On Pound Sterling : [[ChromeDriver: chrome on windows (ef81d2ab827fb82453aa08fad533febe)] -> name: GBP]
2023-12-21 17:12:892 INFO  HomePage :34 - List Of Products : [Apple Cinema 30"]
2023-12-21 17:12:904 INFO  HomePage :34 - List Of Products : [Apple Cinema 30", Canon EOS 5D]
2023-12-21 17:12:917 INFO  HomePage :34 - List Of Products : [Apple Cinema 30", Canon EOS 5D, HP LP3065]
2023-12-21 17:12:927 INFO  HomePage :34 - List Of Products : [Apple Cinema 30", Canon EOS 5D, HP LP3065, HTC Touch HD]
2023-12-21 17:12:938 INFO  HomePage :34 - List Of Products : [Apple Cinema 30", Canon EOS 5D, HP LP3065, HTC Touch HD, iPhone]
2023-12-21 17:12:947 INFO  HomePage :34 - List Of Products : [Apple Cinema 30", Canon EOS 5D, HP LP3065, HTC Touch HD, iPhone, iPod Classic]
2023-12-21 17:12:957 INFO  HomePage :34 - List Of Products : [Apple Cinema 30", Canon EOS 5D, HP LP3065, HTC Touch HD, iPhone, iPod Classic, MacBook]
2023-12-21 17:12:966 INFO  HomePage :34 - List Of Products : [Apple Cinema 30", Canon EOS 5D, HP LP3065, HTC Touch HD, iPhone, iPod Classic, MacBook, MacBook Air]
2023-12-21 17:12:974 INFO  HomePage :34 - List Of Products : [Apple Cinema 30", Canon EOS 5D, HP LP3065, HTC Touch HD, iPhone, iPod Classic, MacBook, MacBook Air, Palm Treo Pro]
2023-12-21 17:12:989 INFO  HomePage :34 - List Of Products : [Apple Cinema 30", Canon EOS 5D, HP LP3065, HTC Touch HD, iPhone, iPod Classic, MacBook, MacBook Air, Palm Treo Pro, Product 8]
2023-12-21 17:12:01 INFO  HomePage :34 - List Of Products : [Apple Cinema 30", Canon EOS 5D, HP LP3065, HTC Touch HD, iPhone, iPod Classic, MacBook, MacBook Air, Palm Treo Pro, Product 8, Samsung SyncMaster 941BW]
2023-12-21 17:12:09 INFO  HomePage :34 - List Of Products : [Apple Cinema 30", Canon EOS 5D, HP LP3065, HTC Touch HD, iPhone, iPod Classic, MacBook, MacBook Air, Palm Treo Pro, Product 8, Samsung SyncMaster 941BW, Sony VAIO]
2023-12-21 17:12:653 INFO  HomePage :41 - Select sort by Z to A: [[ChromeDriver: chrome on windows (ef81d2ab827fb82453aa08fad533febe)] -> id: input-sort]
2023-12-21 17:12:56 INFO  HomePage :59 - List Of Product : [[ChromeDriver: chrome on windows (ef81d2ab827fb82453aa08fad533febe)] -> xpath: //h4/a]
2023-12-21 17:12:109 INFO  HomePage :175 - Verify Product name : [[ChromeDriver: chrome on windows (ef81d2ab827fb82453aa08fad533febe)] -> css selector: div[id='content'] h1]
2023-12-21 17:12:294 INFO  HomePage :155 - Enter Quantity : [[ChromeDriver: chrome on windows (ef81d2ab827fb82453aa08fad533febe)] -> id: input-quantity]
2023-12-21 17:12:376 INFO  HomePage :191 - Click on Add TO cart : [[ChromeDriver: chrome on windows (ef81d2ab827fb82453aa08fad533febe)] -> id: button-cart]
2023-12-21 17:12:625 INFO  HomePage :226 - Verify Success Message : [[ChromeDriver: chrome on windows (ef81d2ab827fb82453aa08fad533febe)] -> css selector: .alert.alert-success.alert-dismissible]
2023-12-21 17:12:152 INFO  HomePage :318 - Click on Shopping cart : [[ChromeDriver: chrome on windows (ef81d2ab827fb82453aa08fad533febe)] -> link text: shopping cart]
2023-12-21 17:12:186 INFO  AccountPage :29 - Shopping cart heading[[ChromeDriver: chrome on windows (ef81d2ab827fb82453aa08fad533febe)] -> xpath: //h1[contains(text(),'Shopping Cart')]]
2023-12-21 17:12:216 INFO  AccountPage :33 - Product name : [[ChromeDriver: chrome on windows (ef81d2ab827fb82453aa08fad533febe)] -> xpath: //div[@class = 'table-responsive']/table/tbody/tr/td[2]/a]
2023-12-21 17:12:251 INFO  AccountPage :37 - Model name: [[ChromeDriver: chrome on windows (ef81d2ab827fb82453aa08fad533febe)] -> xpath: //div[@class = 'table-responsive']/table/tbody/tr/td[3]]
2023-12-21 17:12:284 INFO  AccountPage :41 - Total Price: [[ChromeDriver: chrome on windows (ef81d2ab827fb82453aa08fad533febe)] -> xpath: //div[@class = 'table-responsive']/table/tbody/tr/td[6]]
2023-12-21 17:12:01 INFO  HomePage :46 - click On Currency DropDown : [[ChromeDriver: chrome on windows (1918d6e3f36284d2e786f2faa27e4a01)] -> xpath: (//button[@class='btn btn-link dropdown-toggle'])[1]]
2023-12-21 17:12:27 INFO  HomePage :51 - Click On Pound Sterling : [[ChromeDriver: chrome on windows (1918d6e3f36284d2e786f2faa27e4a01)] -> name: GBP]
2023-12-21 17:12:941 INFO  HomePage :34 - List Of Products : [Apple Cinema 30"]
2023-12-21 17:12:957 INFO  HomePage :34 - List Of Products : [Apple Cinema 30", Canon EOS 5D]
2023-12-21 17:12:976 INFO  HomePage :34 - List Of Products : [Apple Cinema 30", Canon EOS 5D, HP LP3065]
2023-12-21 17:12:991 INFO  HomePage :34 - List Of Products : [Apple Cinema 30", Canon EOS 5D, HP LP3065, HTC Touch HD]
2023-12-21 17:12:01 INFO  HomePage :34 - List Of Products : [Apple Cinema 30", Canon EOS 5D, HP LP3065, HTC Touch HD, iPhone]
2023-12-21 17:12:12 INFO  HomePage :34 - List Of Products : [Apple Cinema 30", Canon EOS 5D, HP LP3065, HTC Touch HD, iPhone, iPod Classic]
2023-12-21 17:12:28 INFO  HomePage :34 - List Of Products : [Apple Cinema 30", Canon EOS 5D, HP LP3065, HTC Touch HD, iPhone, iPod Classic, MacBook]
2023-12-21 17:12:43 INFO  HomePage :34 - List Of Products : [Apple Cinema 30", Canon EOS 5D, HP LP3065, HTC Touch HD, iPhone, iPod Classic, MacBook, MacBook Air]
2023-12-21 17:12:53 INFO  HomePage :34 - List Of Products : [Apple Cinema 30", Canon EOS 5D, HP LP3065, HTC Touch HD, iPhone, iPod Classic, MacBook, MacBook Air, Palm Treo Pro]
2023-12-21 17:12:66 INFO  HomePage :34 - List Of Products : [Apple Cinema 30", Canon EOS 5D, HP LP3065, HTC Touch HD, iPhone, iPod Classic, MacBook, MacBook Air, Palm Treo Pro, Product 8]
2023-12-21 17:12:79 INFO  HomePage :34 - List Of Products : [Apple Cinema 30", Canon EOS 5D, HP LP3065, HTC Touch HD, iPhone, iPod Classic, MacBook, MacBook Air, Palm Treo Pro, Product 8, Samsung SyncMaster 941BW]
2023-12-21 17:12:91 INFO  HomePage :34 - List Of Products : [Apple Cinema 30", Canon EOS 5D, HP LP3065, HTC Touch HD, iPhone, iPod Classic, MacBook, MacBook Air, Palm Treo Pro, Product 8, Samsung SyncMaster 941BW, Sony VAIO]
2023-12-21 17:12:654 INFO  HomePage :41 - Select sort by Z to A: [[ChromeDriver: chrome on windows (1918d6e3f36284d2e786f2faa27e4a01)] -> id: input-sort]
2023-12-21 17:12:487 INFO  HomePage :59 - List Of Product : [[ChromeDriver: chrome on windows (1918d6e3f36284d2e786f2faa27e4a01)] -> xpath: //h4/a]
2023-12-21 17:12:522 INFO  HomePage :175 - Verify Product name : [[ChromeDriver: chrome on windows (1918d6e3f36284d2e786f2faa27e4a01)] -> css selector: div[id='content'] h1]
2023-12-21 17:12:794 INFO  HomePage :155 - Enter Quantity : [[ChromeDriver: chrome on windows (1918d6e3f36284d2e786f2faa27e4a01)] -> id: input-quantity]
2023-12-21 17:12:877 INFO  HomePage :191 - Click on Add TO cart : [[ChromeDriver: chrome on windows (1918d6e3f36284d2e786f2faa27e4a01)] -> id: button-cart]
2023-12-21 17:12:120 INFO  HomePage :226 - Verify Success Message : [[ChromeDriver: chrome on windows (1918d6e3f36284d2e786f2faa27e4a01)] -> css selector: .alert.alert-success.alert-dismissible]
2023-12-21 17:12:773 INFO  HomePage :318 - Click on Shopping cart : [[ChromeDriver: chrome on windows (1918d6e3f36284d2e786f2faa27e4a01)] -> link text: shopping cart]
2023-12-21 17:12:805 INFO  AccountPage :29 - Shopping cart heading[[ChromeDriver: chrome on windows (1918d6e3f36284d2e786f2faa27e4a01)] -> xpath: //h1[contains(text(),'Shopping Cart')]]
2023-12-21 17:12:848 INFO  AccountPage :33 - Product name : [[ChromeDriver: chrome on windows (1918d6e3f36284d2e786f2faa27e4a01)] -> xpath: //div[@class = 'table-responsive']/table/tbody/tr/td[2]/a]
2023-12-21 17:12:889 INFO  AccountPage :37 - Model name: [[ChromeDriver: chrome on windows (1918d6e3f36284d2e786f2faa27e4a01)] -> xpath: //div[@class = 'table-responsive']/table/tbody/tr/td[3]]
2023-12-21 17:12:927 INFO  AccountPage :41 - Total Price: [[ChromeDriver: chrome on windows (1918d6e3f36284d2e786f2faa27e4a01)] -> xpath: //div[@class = 'table-responsive']/table/tbody/tr/td[6]]
